<?xml version="1.0" encoding="UTF-8"?>
<!-- Generated by org.testng.reporters.JUnitReportReporter -->
<testsuite skipped="0" hostname="DESKTOP-O2V6U4O" name="runners.AllTestNgRuner" tests="10" failures="0" timestamp="2020-04-25T12:04:33 BST" time="0.877" errors="0">
  <testcase name="runScenario" time="0.046" classname="runners.AllTestNgRuner"/>
  <system-out/>
  <testcase name="runScenario" time="0.010" classname="runners.AllTestNgRuner"/>
  <system-out/>
  <testcase name="runScenario" time="0.025" classname="runners.AllTestNgRuner"/>
  <system-out/>
  <testcase name="runScenario" time="0.036" classname="runners.AllTestNgRuner"/>
  <system-out/>
  <testcase name="runScenario" time="0.582" classname="runners.AllTestNgRuner"/>
  <system-out/>
  <testcase name="runScenario" time="0.057" classname="runners.AllTestNgRuner"/>
  <system-out/>
  <testcase name="runScenario" time="0.016" classname="runners.AllTestNgRuner"/>
  <system-out/>
  <testcase name="runScenario" time="0.027" classname="runners.AllTestNgRuner"/>
  <system-out/>
  <testcase name="runScenario" time="0.029" classname="runners.AllTestNgRuner"/>
  <system-out/>
  <testcase name="runScenario" time="0.049" classname="runners.AllTestNgRuner"/>
  <system-out/>
</testsuite> <!-- runners.AllTestNgRuner -->
