<?xml version="1.0" encoding="UTF-8"?>
<!-- Generated by org.testng.reporters.JUnitReportReporter -->
<testsuite skipped="0" hostname="DESKTOP-O2V6U4O" name="runners.TestNgRunner" tests="10" failures="0" timestamp="2020-04-25T11:02:38 BST" time="0.522" errors="0">
  <testcase name="runScenario" time="0.019" classname="runners.TestNgRunner"/>
  <system-out/>
  <testcase name="runScenario" time="0.025" classname="runners.TestNgRunner"/>
  <system-out/>
  <testcase name="runScenario" time="0.048" classname="runners.TestNgRunner"/>
  <system-out/>
  <testcase name="runScenario" time="0.014" classname="runners.TestNgRunner"/>
  <system-out/>
  <testcase name="runScenario" time="0.271" classname="runners.TestNgRunner"/>
  <system-out/>
  <testcase name="runScenario" time="0.009" classname="runners.TestNgRunner"/>
  <system-out/>
  <testcase name="runScenario" time="0.041" classname="runners.TestNgRunner"/>
  <system-out/>
  <testcase name="runScenario" time="0.018" classname="runners.TestNgRunner"/>
  <system-out/>
  <testcase name="runScenario" time="0.042" classname="runners.TestNgRunner"/>
  <system-out/>
  <testcase name="runScenario" time="0.035" classname="runners.TestNgRunner"/>
  <system-out/>
</testsuite> <!-- runners.TestNgRunner -->
