<?xml version="1.0" encoding="UTF-8"?>
<!-- Generated by org.testng.reporters.JUnitReportReporter -->
<testsuite skipped="0" hostname="DESKTOP-O2V6U4O" name="runners.EcomTestNgRunner" tests="5" failures="0" timestamp="2020-04-25T11:22:21 BST" time="0.637" errors="0">
  <testcase name="runScenario" time="0.033" classname="runners.EcomTestNgRunner"/>
  <system-out/>
  <testcase name="runScenario" time="0.045" classname="runners.EcomTestNgRunner"/>
  <system-out/>
  <testcase name="runScenario" time="0.481" classname="runners.EcomTestNgRunner"/>
  <system-out/>
  <testcase name="runScenario" time="0.062" classname="runners.EcomTestNgRunner"/>
  <system-out/>
  <testcase name="runScenario" time="0.016" classname="runners.EcomTestNgRunner"/>
  <system-out/>
</testsuite> <!-- runners.EcomTestNgRunner -->
