<?xml version="1.0" encoding="UTF-8"?>
<!-- Generated by org.testng.reporters.JUnitReportReporter -->
<testsuite skipped="0" hostname="DESKTOP-O2V6U4O" name="runners.MyTestNgRunner" tests="5" failures="0" timestamp="2020-04-25T11:17:48 BST" time="0.645" errors="0">
  <testcase name="runScenario" time="0.436" classname="runners.MyTestNgRunner"/>
  <system-out/>
  <testcase name="runScenario" time="0.043" classname="runners.MyTestNgRunner"/>
  <system-out/>
  <testcase name="runScenario" time="0.059" classname="runners.MyTestNgRunner"/>
  <system-out/>
  <testcase name="runScenario" time="0.086" classname="runners.MyTestNgRunner"/>
  <system-out/>
  <testcase name="runScenario" time="0.021" classname="runners.MyTestNgRunner"/>
  <system-out/>
</testsuite> <!-- runners.MyTestNgRunner -->
